<?xml version="1.0" encoding="UTF-8"?>
<testng-results ignored="0" total="1" passed="1" failed="0" skipped="0">
  <reporter-output>
    <line>
      <![CDATA[Readingurlfrom property file]]>
    </line>
    <line>
      <![CDATA[launching the browser]]>
    </line>
    <line>
      <![CDATA[Readingmobnumfrom property file]]>
    </line>
    <line>
      <![CDATA[waiting for]]>
    </line>
    <line>
      <![CDATA[Entering mobileNumber]]>
    </line>
    <line>
      <![CDATA[waiting for]]>
    </line>
    <line>
      <![CDATA[Clicking on SignIN Button]]>
    </line>
    <line>
      <![CDATA[Enter mobile number]]>
    </line>
    <line>
      <![CDATA[Readingpasscodefrom property file]]>
    </line>
    <line>
      <![CDATA[waiting for]]>
    </line>
    <line>
      <![CDATA[Entering password]]>
    </line>
    <line>
      <![CDATA[waiting for]]>
    </line>
    <line>
      <![CDATA[Clicking on submit Button]]>
    </line>
    <line>
      <![CDATA[Enter passcode number]]>
    </line>
    <line>
      <![CDATA[waiting for]]>
    </line>
    <line>
      <![CDATA[POPup is appered]]>
    </line>
    <line>
      <![CDATA[waiting for]]>
    </line>
    <line>
      <![CDATA[clicking on popup]]>
    </line>
    <line>
      <![CDATA[waiting for]]>
    </line>
    <line>
      <![CDATA[getting actual user name]]>
    </line>
    <line>
      <![CDATA[waiting for]]>
    </line>
    <line>
      <![CDATA[Actual user name is Hi ]]>
    </line>
    <line>
      <![CDATA[Readingusernamefrom property file]]>
    </line>
    <line>
      <![CDATA[TC is passed]]>
    </line>
    <line>
      <![CDATA[Tc Is sucessvalidateUsername]]>
    </line>
    <line>
      <![CDATA[waiting for]]>
    </line>
    <line>
      <![CDATA[Logging out]]>
    </line>
  </reporter-output>
  <suite started-at="2022-12-13T19:33:21 IST" name="Default suite" finished-at="2022-12-13T19:34:10 IST" duration-ms="49224">
    <groups>
    </groups>
    <test started-at="2022-12-13T19:33:21 IST" name="Default test" finished-at="2022-12-13T19:34:10 IST" duration-ms="49224">
      <class name="neoStoxtest.MytestNgOutput2UsingListerner">
        <test-method is-config="true" signature="launchBrowser()[pri:0, instance:neoStoxtest.MytestNgOutput2UsingListerner@17497425]" started-at="2022-12-13T19:33:21 IST" name="launchBrowser" finished-at="2022-12-13T19:33:36 IST" duration-ms="15257" status="PASS">
          <reporter-output>
            <line>
              <![CDATA[Readingurlfrom property file]]>
            </line>
            <line>
              <![CDATA[launching the browser]]>
            </line>
          </reporter-output>
        </test-method> <!-- launchBrowser -->
        <test-method is-config="true" signature="myLogin()[pri:0, instance:neoStoxtest.MytestNgOutput2UsingListerner@17497425]" started-at="2022-12-13T19:33:36 IST" name="myLogin" finished-at="2022-12-13T19:34:05 IST" duration-ms="28767" status="PASS">
          <reporter-output>
            <line>
              <![CDATA[Readingmobnumfrom property file]]>
            </line>
            <line>
              <![CDATA[waiting for]]>
            </line>
            <line>
              <![CDATA[Entering mobileNumber]]>
            </line>
            <line>
              <![CDATA[waiting for]]>
            </line>
            <line>
              <![CDATA[Clicking on SignIN Button]]>
            </line>
            <line>
              <![CDATA[Enter mobile number]]>
            </line>
            <line>
              <![CDATA[Readingpasscodefrom property file]]>
            </line>
            <line>
              <![CDATA[waiting for]]>
            </line>
            <line>
              <![CDATA[Entering password]]>
            </line>
            <line>
              <![CDATA[waiting for]]>
            </line>
            <line>
              <![CDATA[Clicking on submit Button]]>
            </line>
            <line>
              <![CDATA[Enter passcode number]]>
            </line>
            <line>
              <![CDATA[waiting for]]>
            </line>
            <line>
              <![CDATA[POPup is appered]]>
            </line>
            <line>
              <![CDATA[waiting for]]>
            </line>
            <line>
              <![CDATA[clicking on popup]]>
            </line>
          </reporter-output>
        </test-method> <!-- myLogin -->
        <test-method signature="validateUsername()[pri:0, instance:neoStoxtest.MytestNgOutput2UsingListerner@17497425]" started-at="2022-12-13T19:34:05 IST" name="validateUsername" finished-at="2022-12-13T19:34:09 IST" duration-ms="4210" status="PASS">
          <reporter-output>
            <line>
              <![CDATA[waiting for]]>
            </line>
            <line>
              <![CDATA[getting actual user name]]>
            </line>
            <line>
              <![CDATA[waiting for]]>
            </line>
            <line>
              <![CDATA[Actual user name is Hi ]]>
            </line>
            <line>
              <![CDATA[Readingusernamefrom property file]]>
            </line>
            <line>
              <![CDATA[TC is passed]]>
            </line>
            <line>
              <![CDATA[Tc Is sucessvalidateUsername]]>
            </line>
          </reporter-output>
        </test-method> <!-- validateUsername -->
        <test-method is-config="true" signature="log()[pri:0, instance:neoStoxtest.MytestNgOutput2UsingListerner@17497425]" started-at="2022-12-13T19:34:09 IST" name="log" finished-at="2022-12-13T19:34:10 IST" duration-ms="400" status="PASS">
          <reporter-output>
            <line>
              <![CDATA[waiting for]]>
            </line>
            <line>
              <![CDATA[Logging out]]>
            </line>
          </reporter-output>
        </test-method> <!-- log -->
        <test-method is-config="true" signature="Browserclose()[pri:0, instance:neoStoxtest.MytestNgOutput2UsingListerner@17497425]" started-at="2022-12-13T19:34:10 IST" name="Browserclose" finished-at="2022-12-13T19:34:10 IST" duration-ms="488" status="PASS">
          <reporter-output>
          </reporter-output>
        </test-method> <!-- Browserclose -->
      </class> <!-- neoStoxtest.MytestNgOutput2UsingListerner -->
    </test> <!-- Default test -->
  </suite> <!-- Default suite -->
</testng-results>
